Using pre-set license
Built from '2021.3/staging' branch; Version is '2021.3.20f1 (577897200b8b) revision 5732503'; Using compiler version '192829333'; Build Type 'Release'
OS: 'Windows 10  (10.0.19045) 64bit Core' Language: 'pt' Physical Memory: 16310 MB
BatchMode: 1, IsHumanControllingUs: 0, StartBugReporterOnCrash: 0, Is64bit: 1, IsPro: 1

COMMAND LINE ARGUMENTS:
C:\Program Files\Unity\Hub\Editor\2021.3.20f1\Editor\Unity.exe
-adb2
-batchMode
-noUpm
-name
AssetImportWorker0
-projectPath
C:/Users/calda/UnityTestTask
-logFile
Logs/AssetImportWorker0.log
-srvPort
61103
Successfully changed project path to: C:/Users/calda/UnityTestTask
C:/Users/calda/UnityTestTask
[UnityMemory] Configuration Parameters - Can be set up in boot.config
    "memorysetup-bucket-allocator-granularity=16"
    "memorysetup-bucket-allocator-bucket-count=8"
    "memorysetup-bucket-allocator-block-size=33554432"
    "memorysetup-bucket-allocator-block-count=8"
    "memorysetup-main-allocator-block-size=16777216"
    "memorysetup-thread-allocator-block-size=16777216"
    "memorysetup-gfx-main-allocator-block-size=16777216"
    "memorysetup-gfx-thread-allocator-block-size=16777216"
    "memorysetup-cache-allocator-block-size=4194304"
    "memorysetup-typetree-allocator-block-size=2097152"
    "memorysetup-profiler-bucket-allocator-granularity=16"
    "memorysetup-profiler-bucket-allocator-bucket-count=8"
    "memorysetup-profiler-bucket-allocator-block-size=33554432"
    "memorysetup-profiler-bucket-allocator-block-count=8"
    "memorysetup-profiler-allocator-block-size=16777216"
    "memorysetup-profiler-editor-allocator-block-size=1048576"
    "memorysetup-temp-allocator-size-main=16777216"
    "memorysetup-job-temp-allocator-block-size=2097152"
    "memorysetup-job-temp-allocator-block-size-background=1048576"
    "memorysetup-job-temp-allocator-reduction-small-platforms=262144"
    "memorysetup-temp-allocator-size-background-worker=32768"
    "memorysetup-temp-allocator-size-job-worker=262144"
    "memorysetup-temp-allocator-size-preload-manager=33554432"
    "memorysetup-temp-allocator-size-nav-mesh-worker=65536"
    "memorysetup-temp-allocator-size-audio-worker=65536"
    "memorysetup-temp-allocator-size-cloud-worker=32768"
    "memorysetup-temp-allocator-size-gi-baking-worker=262144"
    "memorysetup-temp-allocator-size-gfx=262144"
Player connection [21372] Host "[IP] 192.168.1.92 [Port] 0 [Flags] 2 [Guid] 589764334 [EditorId] 589764334 [Version] 1048832 [Id] WindowsEditor(7,DESKTOP-CCH1GDV) [Debug] 1 [PackageName] WindowsEditor [ProjectName] Editor" joined multi-casting on [225.0.0.222:54997]...

Player connection [21372] Host "[IP] 192.168.1.92 [Port] 0 [Flags] 2 [Guid] 589764334 [EditorId] 589764334 [Version] 1048832 [Id] WindowsEditor(7,DESKTOP-CCH1GDV) [Debug] 1 [PackageName] WindowsEditor [ProjectName] Editor" joined alternative multi-casting on [225.0.0.222:34997]...

Refreshing native plugins compatible for Editor in 68.86 ms, found 3 plugins.
Preloading 0 native plugins for Editor in 0.00 ms.
Initialize engine version: 2021.3.20f1 (577897200b8b)
[Subsystems] Discovering subsystems at path C:/Program Files/Unity/Hub/Editor/2021.3.20f1/Editor/Data/Resources/UnitySubsystems
[Subsystems] Discovering subsystems at path C:/Users/calda/UnityTestTask/Assets
GfxDevice: creating device client; threaded=0; jobified=0
Direct3D:
    Version:  Direct3D 11.0 [level 11.1]
    Renderer: NVIDIA GeForce RTX 2070 SUPER (ID=0x1e84)
    Vendor:   NVIDIA
    VRAM:     8003 MB
    Driver:   31.0.15.3623
Shader 'WFX/Transparent Diffuse': fallback shader 'Particles/Alpha Blended' not found
Shader 'WFX/Transparent Specular': fallback shader 'Particles/Alpha Blended' not found
Initialize mono
Mono path[0] = 'C:/Program Files/Unity/Hub/Editor/2021.3.20f1/Editor/Data/Managed'
Mono path[1] = 'C:/Program Files/Unity/Hub/Editor/2021.3.20f1/Editor/Data/MonoBleedingEdge/lib/mono/unityjit-win32'
Mono config path = 'C:/Program Files/Unity/Hub/Editor/2021.3.20f1/Editor/Data/MonoBleedingEdge/etc'
Using monoOptions --debugger-agent=transport=dt_socket,embedding=1,server=y,suspend=n,address=127.0.0.1:56936
Begin MonoManager ReloadAssembly
Registering precompiled unity dll's ...
Register platform support module: C:/Program Files/Unity/Hub/Editor/2021.3.20f1/Editor/Data/PlaybackEngines/WindowsStandaloneSupport/UnityEditor.WindowsStandalone.Extensions.dll
Registered in 0.006539 seconds.
Native extension for WindowsStandalone target not found
Refreshing native plugins compatible for Editor in 70.29 ms, found 3 plugins.
Preloading 0 native plugins for Editor in 0.00 ms.
Mono: successfully reloaded assembly
- Completed reload, in  0.569 seconds
Domain Reload Profiling:
	ReloadAssembly (570ms)
		BeginReloadAssembly (76ms)
			ExecutionOrderSort (0ms)
			DisableScriptedObjects (0ms)
			BackupInstance (0ms)
			ReleaseScriptingObjects (0ms)
			CreateAndSetChildDomain (1ms)
		EndReloadAssembly (402ms)
			LoadAssemblies (74ms)
			RebuildTransferFunctionScriptingTraits (0ms)
			SetupTypeCache (91ms)
			ReleaseScriptCaches (0ms)
			RebuildScriptCaches (23ms)
			SetupLoadedEditorAssemblies (243ms)
				LogAssemblyErrors (0ms)
				InitializePlatformSupportModulesInManaged (7ms)
				SetLoadedEditorAssemblies (0ms)
				RefreshPlugins (70ms)
				BeforeProcessingInitializeOnLoad (1ms)
				ProcessInitializeOnLoadAttributes (125ms)
				ProcessInitializeOnLoadMethodAttributes (39ms)
				AfterProcessingInitializeOnLoad (0ms)
				EditorAssembliesLoaded (0ms)
			ExecutionOrderSort2 (0ms)
			AwakeInstancesAfterBackupRestoration (0ms)
Platform modules already initialized, skipping
Registering precompiled user dll's ...
Registered in 0.006136 seconds.
Begin MonoManager ReloadAssembly
Symbol file LoadedFromMemory doesn't match image C:\Users\calda\UnityTestTask\Library\PackageCache\com.unity.visualscripting@1.8.0\Editor\VisualScripting.Core\Dependencies\YamlDotNet\Unity.VisualScripting.YamlDotNet.dll
Symbol file LoadedFromMemory doesn't match image C:\Users\calda\UnityTestTask\Library\PackageCache\com.unity.visualscripting@1.8.0\Editor\VisualScripting.Core\Dependencies\DotNetZip\Unity.VisualScripting.IonicZip.dll
Native extension for WindowsStandalone target not found
Refreshing native plugins compatible for Editor in 0.62 ms, found 3 plugins.
Preloading 0 native plugins for Editor in 0.00 ms.
Mono: successfully reloaded assembly
- Completed reload, in  0.883 seconds
Domain Reload Profiling:
	ReloadAssembly (883ms)
		BeginReloadAssembly (106ms)
			ExecutionOrderSort (0ms)
			DisableScriptedObjects (5ms)
			BackupInstance (0ms)
			ReleaseScriptingObjects (0ms)
			CreateAndSetChildDomain (18ms)
		EndReloadAssembly (680ms)
			LoadAssemblies (77ms)
			RebuildTransferFunctionScriptingTraits (0ms)
			SetupTypeCache (231ms)
			ReleaseScriptCaches (1ms)
			RebuildScriptCaches (45ms)
			SetupLoadedEditorAssemblies (304ms)
				LogAssemblyErrors (0ms)
				InitializePlatformSupportModulesInManaged (5ms)
				SetLoadedEditorAssemblies (0ms)
				RefreshPlugins (1ms)
				BeforeProcessingInitializeOnLoad (74ms)
				ProcessInitializeOnLoadAttributes (198ms)
				ProcessInitializeOnLoadMethodAttributes (18ms)
				AfterProcessingInitializeOnLoad (8ms)
				EditorAssembliesLoaded (0ms)
			ExecutionOrderSort2 (0ms)
			AwakeInstancesAfterBackupRestoration (5ms)
Platform modules already initialized, skipping
========================================================================
Worker process is ready to serve import requests
Shader 'WFX/Transparent Diffuse': fallback shader 'Particles/Alpha Blended' not found
Shader 'WFX/Transparent Specular': fallback shader 'Particles/Alpha Blended' not found
Launched and connected shader compiler UnityShaderCompiler.exe after 0.03 seconds
Refreshing native plugins compatible for Editor in 0.47 ms, found 3 plugins.
Preloading 0 native plugins for Editor in 0.00 ms.
Unloading 3210 Unused Serialized files (Serialized files now loaded: 0)
Unloading 28 unused Assets / (56.5 KB). Loaded Objects now: 3668.
Memory consumption went from 116.9 MB to 116.8 MB.
Total: 2.818100 ms (FindLiveObjects: 0.336600 ms CreateObjectMapping: 0.143600 ms MarkObjects: 2.249700 ms  DeleteObjects: 0.087200 ms)

AssetImportParameters requested are different than current active one (requested -> active):
  custom:video-decoder-ogg-theora: a1e56fd34408186e4bbccfd4996cb3dc -> 
  custom:container-muxer-webm: aa71ff27fc2769a1b78a27578f13a17b -> 
  custom:container-demuxer-webm: 4f35f7cbe854078d1ac9338744f61a02 -> 
  custom:video-encoder-webm-vp8: eb34c28f22e8b96e1ab97ce403110664 -> 
  custom:audio-encoder-webm-vorbis: bf7c407c2cedff20999df2af8eb42d56 -> 
  custom:framework-win-MediaFoundation: 216162199b28c13a410421893ffa2e32 -> 
  custom:container-demuxer-ogg: 62fdf1f143b41e24485cea50d1cbac27 -> 
  custom:video-decoder-webm-vp8: 9c59270c3fd7afecdb556c50c9e8de78 -> 
  custom:audio-decoder-ogg-vorbis: bf7c407c2cedff20999df2af8eb42d56 -> 
========================================================================
Received Import Request.
  Time since last request: 473627.193348 seconds.
  path: Assets/3DAssets/gdfgfdg.fbx
  artifactKey: Guid(dd02cc40cc4307c4dbe8acf27b73b82d) Importer(815301076,1909f56bfc062723c751e8b465ee728b)
Start importing Assets/3DAssets/gdfgfdg.fbx using Guid(dd02cc40cc4307c4dbe8acf27b73b82d) Importer(815301076,1909f56bfc062723c751e8b465ee728b)  -> (artifact id: '4e3a4d4ac7cfb6f02730ec38a1fd8d03') in 0.204321 seconds 
========================================================================
Received Import Request.
  Time since last request: 0.000030 seconds.
  path: Assets/3DAssets/pistol.fbx
  artifactKey: Guid(fb05787f9a8f62642b4269a96aab5ee3) Importer(815301076,1909f56bfc062723c751e8b465ee728b)
Start importing Assets/3DAssets/pistol.fbx using Guid(fb05787f9a8f62642b4269a96aab5ee3) Importer(815301076,1909f56bfc062723c751e8b465ee728b)  -> (artifact id: '398f0925a98f66e4eeafee19050d5e3a') in 0.023797 seconds 
========================================================================
Received Import Request.
  Time since last request: 0.000029 seconds.
  path: Assets/3DAssets/Rocket.fbx
  artifactKey: Guid(fc980ec3c29ee014b8b62cc2bdc20947) Importer(815301076,1909f56bfc062723c751e8b465ee728b)
Start importing Assets/3DAssets/Rocket.fbx using Guid(fc980ec3c29ee014b8b62cc2bdc20947) Importer(815301076,1909f56bfc062723c751e8b465ee728b)  -> (artifact id: '58573eb355e4a4be3e5a12d03dd1dc2f') in 0.026415 seconds 
========================================================================
Received Import Request.
  Time since last request: 0.000020 seconds.
  path: Assets/3DAssets/rpg-7.fbx
  artifactKey: Guid(d3903e94dd7e4d14b819370ba5ce3040) Importer(815301076,1909f56bfc062723c751e8b465ee728b)
Start importing Assets/3DAssets/rpg-7.fbx using Guid(d3903e94dd7e4d14b819370ba5ce3040) Importer(815301076,1909f56bfc062723c751e8b465ee728b)  -> (artifact id: '3c13a6a01214f589f3f1eb8f0f1963a3') in 0.305578 seconds 
========================================================================
Received Import Request.
  Time since last request: 3.769286 seconds.
  path: Assets/Materials/Bow.mat
  artifactKey: Guid(5d27a7e7a5b66be499c07a402d76d06a) Importer(815301076,1909f56bfc062723c751e8b465ee728b)
Start importing Assets/Materials/Bow.mat using Guid(5d27a7e7a5b66be499c07a402d76d06a) Importer(815301076,1909f56bfc062723c751e8b465ee728b)  -> (artifact id: '367dbac33f99a05c8fde741d0879b82a') in 0.024099 seconds 
========================================================================
Received Import Request.
  Time since last request: 0.000021 seconds.
  path: Assets/Materials/PistolAmmo.mat
  artifactKey: Guid(e0ae162bc5cc0614c8d56f0a2af836e6) Importer(815301076,1909f56bfc062723c751e8b465ee728b)
Start importing Assets/Materials/PistolAmmo.mat using Guid(e0ae162bc5cc0614c8d56f0a2af836e6) Importer(815301076,1909f56bfc062723c751e8b465ee728b)  -> (artifact id: '861840759eb636036390a3f1c34383aa') in 0.018303 seconds 
========================================================================
Received Import Request.
  Time since last request: 4.290134 seconds.
  path: Assets/Prefabs/PlayerListItem.prefab
  artifactKey: Guid(cf5927186005d1b498e0bcbfafb3c6eb) Importer(815301076,1909f56bfc062723c751e8b465ee728b)
Start importing Assets/Prefabs/PlayerListItem.prefab using Guid(cf5927186005d1b498e0bcbfafb3c6eb) Importer(815301076,1909f56bfc062723c751e8b465ee728b)  -> (artifact id: 'f368ceab670189f89ff8c2b5ac7d0e72') in 0.039115 seconds 
========================================================================
Received Import Request.
  Time since last request: 4.941668 seconds.
  path: Assets/Resources/PhotonPrefabs/Bow.prefab
  artifactKey: Guid(c25937d68070eea4b8051560a5c9839e) Importer(815301076,1909f56bfc062723c751e8b465ee728b)
Start importing Assets/Resources/PhotonPrefabs/Bow.prefab using Guid(c25937d68070eea4b8051560a5c9839e) Importer(815301076,1909f56bfc062723c751e8b465ee728b)  -> (artifact id: '799fc1338cc1a4825fb493bddb0c209b') in 0.015024 seconds 
========================================================================
Received Import Request.
  Time since last request: 0.000019 seconds.
  path: Assets/Resources/PhotonPrefabs/HealthItem 1.prefab
  artifactKey: Guid(7d3077a6c7ed68f4896be3b629110c46) Importer(815301076,1909f56bfc062723c751e8b465ee728b)
Start importing Assets/Resources/PhotonPrefabs/HealthItem 1.prefab using Guid(7d3077a6c7ed68f4896be3b629110c46) Importer(815301076,1909f56bfc062723c751e8b465ee728b)  -> (artifact id: '10f9da1d2725abdba4a614ad38d3ed6d') in 0.013560 seconds 
========================================================================
Received Import Request.
  Time since last request: 0.000023 seconds.
  path: Assets/Resources/PhotonPrefabs/RpgAmmoItem.prefab
  artifactKey: Guid(0bacf3f7987ca2546b6a8ad6e2252ce2) Importer(815301076,1909f56bfc062723c751e8b465ee728b)
Start importing Assets/Resources/PhotonPrefabs/RpgAmmoItem.prefab using Guid(0bacf3f7987ca2546b6a8ad6e2252ce2) Importer(815301076,1909f56bfc062723c751e8b465ee728b)  -> (artifact id: '4ddeb2b217c31e8951ca33f2d42a7210') in 0.033907 seconds 
========================================================================
Received Import Request.
  Time since last request: 0.000026 seconds.
  path: Assets/Resources/PhotonPrefabs/PistolAmmoItem.prefab
  artifactKey: Guid(c8b08947f7390c34da69cca3c8afcb7f) Importer(815301076,1909f56bfc062723c751e8b465ee728b)
Start importing Assets/Resources/PhotonPrefabs/PistolAmmoItem.prefab using Guid(c8b08947f7390c34da69cca3c8afcb7f) Importer(815301076,1909f56bfc062723c751e8b465ee728b)  -> (artifact id: 'fd40dd9281fed65236416a17c6beb9b9') in 0.017173 seconds 
========================================================================
Received Import Request.
  Time since last request: 10.207142 seconds.
  path: Assets/Scenes/SampleScene/ReflectionProbe-0.exr
  artifactKey: Guid(09fcd7b4878b5994e94cc86678d48c30) Importer(815301076,1909f56bfc062723c751e8b465ee728b)
Start importing Assets/Scenes/SampleScene/ReflectionProbe-0.exr using Guid(09fcd7b4878b5994e94cc86678d48c30) Importer(815301076,1909f56bfc062723c751e8b465ee728b)  -> (artifact id: 'e15d1e5ffe4b235b4df92ffdc89c1d0c') in 0.030200 seconds 
========================================================================
Received Import Request.
  Time since last request: 33.404049 seconds.
  path: Assets/Textures/BQaA_Diffuse.png
  artifactKey: Guid(4890b2aa54d1a8c438fa7cbe08755a8e) Importer(815301076,1909f56bfc062723c751e8b465ee728b)
Start importing Assets/Textures/BQaA_Diffuse.png using Guid(4890b2aa54d1a8c438fa7cbe08755a8e) Importer(815301076,1909f56bfc062723c751e8b465ee728b)  -> (artifact id: '0bc18ec4d5975da0aebba97538f79c8b') in 0.030027 seconds 
========================================================================
Received Import Request.
  Time since last request: 0.000017 seconds.
  path: Assets/Textures/istockphoto-1254877507-612x612.jpg
  artifactKey: Guid(4e6a4881cbf82f947bdc4545f81cff7e) Importer(815301076,1909f56bfc062723c751e8b465ee728b)
Start importing Assets/Textures/istockphoto-1254877507-612x612.jpg using Guid(4e6a4881cbf82f947bdc4545f81cff7e) Importer(815301076,1909f56bfc062723c751e8b465ee728b)  -> (artifact id: 'd34cf41bef78332fd5d101eafe510bfb') in 0.017682 seconds 
========================================================================
Received Import Request.
  Time since last request: 0.000020 seconds.
  path: Assets/Textures/healthBar.png
  artifactKey: Guid(6392b206fd4995c448b941cc2ee24a27) Importer(815301076,1909f56bfc062723c751e8b465ee728b)
Start importing Assets/Textures/healthBar.png using Guid(6392b206fd4995c448b941cc2ee24a27) Importer(815301076,1909f56bfc062723c751e8b465ee728b)  -> (artifact id: 'a02301091f5ecee45aa8f5b01621a846') in 0.042985 seconds 
========================================================================
Received Import Request.
  Time since last request: 0.000019 seconds.
  path: Assets/Textures/M2color2.png
  artifactKey: Guid(54b831220486ee44fb66880bd90a7272) Importer(815301076,1909f56bfc062723c751e8b465ee728b)
Start importing Assets/Textures/M2color2.png using Guid(54b831220486ee44fb66880bd90a7272) Importer(815301076,1909f56bfc062723c751e8b465ee728b)  -> (artifact id: '8694d78935af0d37daaeefeec7e5e295') in 0.012110 seconds 
========================================================================
Received Import Request.
  Time since last request: 0.000033 seconds.
  path: Assets/Textures/BQaA_ior.png
  artifactKey: Guid(c1a699c94ef45684daee34f9a7e59ef2) Importer(815301076,1909f56bfc062723c751e8b465ee728b)
Start importing Assets/Textures/BQaA_ior.png using Guid(c1a699c94ef45684daee34f9a7e59ef2) Importer(815301076,1909f56bfc062723c751e8b465ee728b)  -> (artifact id: '56e5d80b41ae8d47eec7e659514cf850') in 0.022916 seconds 
Editor requested this worker to shutdown with reason: Scaling down because of idle timeout
AssetImportWorker is now disconnected from the server
Process exiting
Exiting without the bug reporter. Application will terminate with return code 0